1598881883414	geckodriver	INFO	Listening on 127.0.0.1:63014
1598881886684	mozrunner::runner	INFO	Running command: "C:\\Program Files\\Mozilla Firefox\\firefox.exe" "--marionette" "-foreground" "-no-remote" "-profile" "C:\\Users\\justo\\AppData\\Local\\Temp\\rust_mozprofile1howyi"
1598890043143	geckodriver	INFO	Listening on 127.0.0.1:63379
1598890046555	mozrunner::runner	INFO	Running command: "C:\\Program Files\\Mozilla Firefox\\firefox.exe" "--marionette" "-foreground" "-no-remote" "-profile" "C:\\Users\\justo\\AppData\\Local\\Temp\\rust_mozprofile89xCaE"
JavaScript error: resource://gre/modules/XULStore.jsm, line 66: Error: Can't find profile directory.
console.error: SearchCache: "_readCacheFile: Error reading cache file:" (new Error("", "(unknown module)"))
1598890065935	Marionette	INFO	Listening on port 63391
1598890066245	Marionette	WARN	TLS certificate errors will be ignored for this session
console.error: Region.jsm: "Error fetching region" (new AbortError("The operation was aborted. ", (void 0), 689))
console.error: Region.jsm: "Failed to fetch region" (new Error("NO_RESULT", "resource://gre/modules/Region.jsm", 343))
1598890295558	Marionette	INFO	Stopped listening on port 63391

###!!! [Child][RunMessage] Error: Channel closing: too late to send/recv, messages will be lost


###!!! [Child][MessageChannel::SendAndWait] Error: Channel error: cannot send/recv

1598891258701	geckodriver	INFO	Listening on 127.0.0.1:64014
1598891261789	mozrunner::runner	INFO	Running command: "C:\\Program Files\\Mozilla Firefox\\firefox.exe" "--marionette" "-foreground" "-no-remote" "-profile" "C:\\Users\\justo\\AppData\\Local\\Temp\\rust_mozprofileQKetBA"
JavaScript error: resource://gre/modules/XULStore.jsm, line 66: Error: Can't find profile directory.
console.error: SearchCache: "_readCacheFile: Error reading cache file:" (new Error("", "(unknown module)"))
1598891273492	Marionette	INFO	Listening on port 64030
1598891274547	Marionette	WARN	TLS certificate errors will be ignored for this session
console.error: Region.jsm: "Error fetching region" (new AbortError("The operation was aborted. ", (void 0), 689))
console.error: Region.jsm: "Failed to fetch region" (new Error("NO_RESULT", "resource://gre/modules/Region.jsm", 343))
console.error: (new TypeError("parent is null", "resource://devtools/client/inspector/shared/style-change-tracker.js", 67))
TypeError: parent is null: canMutationImpactCurrentStyles@resource://devtools/client/inspector/shared/style-change-tracker.js:67:24
onMutations@resource://devtools/client/inspector/shared/style-change-tracker.js:84:41
_emit@resource://devtools/shared/event-emitter.js:226:34
emit@resource://devtools/shared/event-emitter.js:172:18
emit@resource://devtools/shared/event-emitter.js:324:18
getMutations@resource://devtools/client/fronts/walker.js:406:10

1598891836418	Marionette	INFO	Stopped listening on port 64030

###!!! [Child][RunMessage] Error: Channel closing: too late to send/recv, messages will be lost


###!!! [Child][MessageChannel::SendAndWait] Error: Channel error: cannot send/recv

Temp\\rust_mozprofilekkfd6Y"
JavaScript error: resource://gre/modules/XULStore.jsm, line 66: Error: Can't find profile directory.
console.error: SearchCache: "_readCacheFile: Error reading cache file:" (new Error("", "(unknown module)"))
1598891794320	Marionette	INFO	Listening on port 64288
1598891794863	Marionette	WARN	TLS certificate errors will be ignored for this session
console.error: Region.jsm: "Error fetching region" (new AbortError("The operation was aborted. ", (void 0), 689))
console.error: Region.jsm: "Failed to fetch region" (new Error("NO_RESULT", "resource://gre/modules/Region.jsm", 343))
1598891833254	Marionette	INFO	Stopped listening on port 64288

###!!! [Child][RunMessage] Error: Channel closing: too late to send/recv, messages will be lost


###!!! [Child][MessageChannel::SendAndWait] Error: Channel error: cannot send/recv

1598891912167	geckodriver	INFO	Listening on 127.0.0.1:64378
1598891915310	mozrunner::runner	INFO	Running command: "C:\\Program Files\\Mozilla Firefox\\firefox.exe" "--marionette" "-foreground" "-no-remote" "-profile" "C:\\Users\\justo\\AppData\\Local\\Temp\\rust_mozprofilefjcTg7"
JavaScript error: resource://gre/modules/XULStore.jsm, line 66: Error: Can't find profile directory.
console.error: SearchCache: "_readCacheFile: Error reading cache file:" (new Error("", "(unknown module)"))
1598891920245	Marionette	INFO	Listening on port 64386
1598891920772	Marionette	WARN	TLS certificate errors will be ignored for this session
console.error: Region.jsm: "Error fetching region" (new AbortError("The operation was aborted. ", (void 0), 689))
console.error: Region.jsm: "Failed to fetch region" (new Error("NO_RESULT", "resource://gre/modules/Region.jsm", 343))
console.warn: LoginRecipes: "getRecipes: falling back to a synchronous message for:" "https://twitter.com"
1598898480854	Marionette	INFO	Stopped listening on port 64386
onette" "-foreground" "-no-remote" "-profile" "C:\\Users\\justo\\AppData\\Local\\Temp\\rust_mozprofilecp3aJR"
JavaScript error: resource://gre/modules/XULStore.jsm, line 66: Error: Can't find profile directory.
console.error: SearchCache: "_readCacheFile: Error reading cache file:" (new Error("", "(unknown module)"))
1598892410013	Marionette	INFO	Listening on port 64770
1598892410431	Marionette	WARN	TLS certificate errors will be ignored for this session
1598893651346	Marionette	INFO	Stopped listening on port 64770

###!!! [Child][MessageChannel::SendAndWait] Error: Channel error: cannot send/recv

firefox.exe" "--marionette" "-foreground" "-no-remote" "-profile" "C:\\Users\\justo\\AppData\\Local\\Temp\\rust_mozprofilepb4bsr"
JavaScript error: resource://gre/modules/XULStore.jsm, line 66: Error: Can't find profile directory.
console.error: SearchCache: "_readCacheFile: Error reading cache file:" (new Error("", "(unknown module)"))
1598892509861	Marionette	INFO	Listening on port 64913
1598892510045	Marionette	WARN	TLS certificate errors will be ignored for this session
console.error: Region.jsm: "Error fetching region" (new AbortError("The operation was aborted. ", (void 0), 689))
console.error: Region.jsm: "Failed to fetch region" (new Error("NO_RESULT", "resource://gre/modules/Region.jsm", 343))
1598893645348	Marionette	INFO	Stopped listening on port 64913
1598893766616	geckodriver	INFO	Listening on 127.0.0.1:65428
1598893769797	mozrunner::runner	INFO	Running command: "C:\\Program Files\\Mozilla Firefox\\firefox.exe" "--marionette" "-foreground" "-no-remote" "-profile" "C:\\Users\\justo\\AppData\\Local\\Temp\\rust_mozprofile0XEuQY"
JavaScript error: resource://gre/modules/XULStore.jsm, line 66: Error: Can't find profile directory.
console.error: SearchCache: "_readCacheFile: Error reading cache file:" (new Error("", "(unknown module)"))
1598893781209	Marionette	INFO	Listening on port 65441
1598893781632	Marionette	WARN	TLS certificate errors will be ignored for this session
console.error: Region.jsm: "Error fetching region" (new AbortError("The operation was aborted. ", (void 0), 689))
console.error: Region.jsm: "Failed to fetch region" (new Error("NO_RESULT", "resource://gre/modules/Region.jsm", 343))
1598893931747	Marionette	INFO	Stopped listening on port 65441

###!!! [Child][RunMessage] Error: Channel closing: too late to send/recv, messages will be lost


###!!! [Child][MessageChannel::SendAndWait] Error: Channel error: cannot send/recv

1598894536284	geckodriver	INFO	Listening on 127.0.0.1:49414
1598894539440	mozrunner::runner	INFO	Running command: "C:\\Program Files\\Mozilla Firefox\\firefox.exe" "--marionette" "-foreground" "-no-remote" "-profile" "C:\\Users\\justo\\AppData\\Local\\Temp\\rust_mozprofile0qZw3m"
JavaScript error: resource://gre/modules/XULStore.jsm, line 66: Error: Can't find profile directory.
console.error: SearchCache: "_readCacheFile: Error reading cache file:" (new Error("", "(unknown module)"))
1598894547416	Marionette	INFO	Listening on port 49422
1598894547895	Marionette	WARN	TLS certificate errors will be ignored for this session
console.error: Region.jsm: "Error fetching region" (new AbortError("The operation was aborted. ", (void 0), 689))
console.error: Region.jsm: "Failed to fetch region" (new Error("NO_RESULT", "resource://gre/modules/Region.jsm", 343))
1598894688996	Marionette	INFO	Stopped listening on port 49422

###!!! [Child][MessageChannel::SendAndWait] Error: Channel error: cannot send/recv

1598896307266	geckodriver	INFO	Listening on 127.0.0.1:51156
1598896310391	mozrunner::runner	INFO	Running command: "C:\\Program Files\\Mozilla Firefox\\firefox.exe" "--marionette" "-foreground" "-no-remote" "-profile" "C:\\Users\\justo\\AppData\\Local\\Temp\\rust_mozprofilegek7CE"
JavaScript error: resource://gre/modules/XULStore.jsm, line 66: Error: Can't find profile directory.
console.error: SearchCache: "_readCacheFile: Error reading cache file:" (new Error("", "(unknown module)"))
1598896318268	Marionette	INFO	Listening on port 51165
1598896318760	Marionette	WARN	TLS certificate errors will be ignored for this session
1598896350265	Marionette	INFO	Stopped listening on port 51165

###!!! [Child][MessageChannel::SendAndWait] Error: Channel error: cannot send/recv

1598896467862	geckodriver	INFO	Listening on 127.0.0.1:51503
1598896470891	mozrunner::runner	INFO	Running command: "C:\\Program Files\\Mozilla Firefox\\firefox.exe" "--marionette" "-foreground" "-no-remote" "-profile" "C:\\Users\\justo\\AppData\\Local\\Temp\\rust_mozprofileqoZHIY"
JavaScript error: resource://gre/modules/XULStore.jsm, line 66: Error: Can't find profile directory.
console.error: SearchCache: "_readCacheFile: Error reading cache file:" (new Error("", "(unknown module)"))
1598896477698	Marionette	INFO	Listening on port 51512
1598896477733	Marionette	WARN	TLS certificate errors will be ignored for this session
console.error: Region.jsm: "Error fetching region" (new AbortError("The operation was aborted. ", (void 0), 689))
console.error: Region.jsm: "Failed to fetch region" (new Error("NO_RESULT", "resource://gre/modules/Region.jsm", 343))
1598896775240	Marionette	INFO	Stopped listening on port 51512

###!!! [Child][MessageChannel::SendAndWait] Error: Channel error: cannot send/recv

firefox.exe" "--marionette" "-foreground" "-no-remote" "-profile" "C:\\Users\\justo\\AppData\\Local\\Temp\\rust_mozprofileUTPGoe"
JavaScript error: resource://gre/modules/XULStore.jsm, line 66: Error: Can't find profile directory.
console.error: SearchCache: "_readCacheFile: Error reading cache file:" (new Error("", "(unknown module)"))
1598896736208	Marionette	INFO	Listening on port 51712
1598896736691	Marionette	WARN	TLS certificate errors will be ignored for this session
1598896772250	Marionette	INFO	Stopped listening on port 51712

###!!! [Child][RunMessage] Error: Channel closing: too late to send/recv, messages will be lost


###!!! [Child][MessageChannel::SendAndWait] Error: Channel error: cannot send/recv

1598977282799	geckodriver	INFO	Listening on 127.0.0.1:63481
1598977285979	mozrunner::runner	INFO	Running command: "C:\\Program Files\\Mozilla Firefox\\firefox.exe" "--marionette" "-foreground" "-no-remote" "-profile" "C:\\Users\\justo\\AppData\\Local\\Temp\\rust_mozprofilerBDkR2"
JavaScript error: resource://gre/modules/XULStore.jsm, line 66: Error: Can't find profile directory.
console.error: SearchCache: "_readCacheFile: Error reading cache file:" (new Error("", "(unknown module)"))
[Parent 7496, Gecko_IOThread] WARNING: file /builds/worker/checkouts/gecko/ipc/chromium/src/base/process_util_win.cc, line 166
console.error: Region.jsm: "Error fetching region" (new AbortError("The operation was aborted. ", (void 0), 689))
console.error: Region.jsm: "Failed to fetch region" (new Error("NO_RESULT", "resource://gre/modules/Region.jsm", 343))
1598977315442	Marionette	INFO	Listening on port 63489
1598977315970	Marionette	WARN	TLS certificate errors will be ignored for this session
1598977527839	Marionette	INFO	Stopped listening on port 63489

###!!! [Child][RunMessage] Error: Channel closing: too late to send/recv, messages will be lost


###!!! [Child][MessageChannel::SendAndWait] Error: Channel error: cannot send/recv

Temp\\rust_mozprofile9uWCHM"
JavaScript error: resource://gre/modules/XULStore.jsm, line 66: Error: Can't find profile directory.
console.error: SearchCache: "_readCacheFile: Error reading cache file:" (new Error("", "(unknown module)"))
1598977471212	Marionette	INFO	Listening on port 63630
1598977471715	Marionette	WARN	TLS certificate errors will be ignored for this session
1598977516431	Marionette	INFO	Stopped listening on port 63630

###!!! [Child][MessageChannel::SendAndWait] Error: Channel error: cannot send/recv

1598977546141	geckodriver	INFO	Listening on 127.0.0.1:63713
1598977549341	mozrunner::runner	INFO	Running command: "C:\\Program Files\\Mozilla Firefox\\firefox.exe" "--marionette" "-foreground" "-no-remote" "-profile" "C:\\Users\\justo\\AppData\\Local\\Temp\\rust_mozprofileWrabTU"
JavaScript error: resource://gre/modules/XULStore.jsm, line 66: Error: Can't find profile directory.
console.error: SearchCache: "_readCacheFile: Error reading cache file:" (new Error("", "(unknown module)"))
1598977553072	Marionette	INFO	Listening on port 63721
1598977553500	Marionette	WARN	TLS certificate errors will be ignored for this session
console.warn: "Got a mutation for an unexpected actor: server0.conn0.child2/domnode182, please file a bug on bugzilla.mozilla.org!"
console.trace: 
resource://devtools/client/fronts/walker.js 285 getMutations
JavaScript error: resource://devtools/server/actors/network-monitor/network-response-listener.js, line 571: NS_ERROR_INVALID_CONTENT_ENCODING: Component returned failure code: 0x804b001b (NS_ERROR_INVALID_CONTENT_ENCODING) [nsIStreamListener.onDataAvailable]
[Child 5620, MediaDecoderStateMachine #1] WARNING: Decoder=16aae515800 Decode error: NS_ERROR_DOM_MEDIA_FATAL_ERR (0x806e0005) - RefPtr<MediaSourceTrackDemuxer::SamplesPromise> __cdecl mozilla::MediaSourceTrackDemuxer::DoGetSamples(int32_t): manager is detached.: file /builds/worker/checkouts/gecko/dom/media/MediaDecoderStateMachine.cpp, line 3470
[Child 5620, MediaDecoderStateMachine #1] WARNING: Decoder=16aae515800 Decode error: NS_ERROR_DOM_MEDIA_FATAL_ERR (0x806e0005) - RefPtr<MediaSourceTrackDemuxer::SamplesPromise> __cdecl mozilla::MediaSourceTrackDemuxer::DoGetSamples(int32_t): manager is detached.: file /builds/worker/checkouts/gecko/dom/media/MediaDecoderStateMachine.cpp, line 3470
console.warn: LoginRecipes: "getRecipes: falling back to a synchronous message for:" "https://twitter.com"

###!!! [Parent][RunMessage] Error: Channel closing: too late to send/recv, messages will be lost


###!!! [Parent][RunMessage] Error: Channel closing: too late to send/recv, messages will be lost

e/modules/XULStore.jsm, line 66: Error: Can't find profile directory.
console.error: SearchCache: "_readCacheFile: Error reading cache file:" (new Error("", "(unknown module)"))
1598977967031	Marionette	INFO	Listening on port 64015
1598977967657	Marionette	WARN	TLS certificate errors will be ignored for this session

###!!! [Parent][RunMessage] Error: Channel closing: too late to send/recv, messages will be lost

1598978880709	Marionette	INFO	Stopped listening on port 64015

###!!! [Child][MessageChannel::SendAndWait] Error: Channel error: cannot send/recv

firefox.exe" "--marionette" "-foreground" "-no-remote" "-profile" "C:\\Users\\justo\\AppData\\Local\\Temp\\rust_mozprofileeLPaQw"
JavaScript error: resource://gre/modules/XULStore.jsm, line 66: Error: Can't find profile directory.
console.error: SearchCache: "_readCacheFile: Error reading cache file:" (new Error("", "(unknown module)"))
1598978755923	Marionette	INFO	Listening on port 52170
1598978757452	Marionette	WARN	TLS certificate errors will be ignored for this session
console.error: Region.jsm: "Error fetching region" (new AbortError("The operation was aborted. ", (void 0), 689))
console.error: Region.jsm: "Failed to fetch region" (new Error("NO_RESULT", "resource://gre/modules/Region.jsm", 343))
1598978797796	Marionette	INFO	Stopped listening on port 52170

###!!! [Child][RunMessage] Error: Channel closing: too late to send/recv, messages will be lost


###!!! [Child][MessageChannel::SendAndWait] Error: (msgtype=0x5E0005,name=PImageBridge::Msg_WillClose) Channel error: cannot send/recv

1598978885265	geckodriver	INFO	Listening on 127.0.0.1:52305
1598978888418	mozrunner::runner	INFO	Running command: "C:\\Program Files\\Mozilla Firefox\\firefox.exe" "--marionette" "-foreground" "-no-remote" "-profile" "C:\\Users\\justo\\AppData\\Local\\Temp\\rust_mozprofilesxOhfL"
JavaScript error: resource://gre/modules/XULStore.jsm, line 66: Error: Can't find profile directory.
console.error: SearchCache: "_readCacheFile: Error reading cache file:" (new Error("", "(unknown module)"))
console.error: Region.jsm: "Error fetching region" (new AbortError("The operation was aborted. ", (void 0), 689))
console.error: Region.jsm: "Failed to fetch region" (new Error("NO_RESULT", "resource://gre/modules/Region.jsm", 343))
1598978899973	Marionette	INFO	Listening on port 52313
1598978900478	Marionette	WARN	TLS certificate errors will be ignored for this session
1598979353276	Marionette	INFO	Stopped listening on port 52313

###!!! [Child][MessageChannel::SendAndWait] Error: Channel error: cannot send/recv

firefox.exe" "--marionette" "-foreground" "-no-remote" "-profile" "C:\\Users\\justo\\AppData\\Local\\Temp\\rust_mozprofile0UtdOC"
JavaScript error: resource://gre/modules/XULStore.jsm, line 66: Error: Can't find profile directory.
console.error: SearchCache: "_readCacheFile: Error reading cache file:" (new Error("", "(unknown module)"))
1598978983300	Marionette	INFO	Listening on port 52463
1598978983892	Marionette	WARN	TLS certificate errors will be ignored for this session
1598979349195	Marionette	INFO	Stopped listening on port 52463

###!!! [Child][RunMessage] Error: Channel closing: too late to send/recv, messages will be lost


###!!! [Child][MessageChannel::SendAndWait] Error: Channel error: cannot send/recv

1598979359095	geckodriver	INFO	Listening on 127.0.0.1:52750
1598979362425	mozrunner::runner	INFO	Running command: "C:\\Program Files\\Mozilla Firefox\\firefox.exe" "--marionette" "-foreground" "-no-remote" "-profile" "C:\\Users\\justo\\AppData\\Local\\Temp\\rust_mozprofileh3fmXN"
JavaScript error: resource://gre/modules/XULStore.jsm, line 66: Error: Can't find profile directory.
console.error: SearchCache: "_readCacheFile: Error reading cache file:" (new Error("", "(unknown module)"))
1598979370299	Marionette	INFO	Listening on port 52758
1598979370570	Marionette	WARN	TLS certificate errors will be ignored for this session
[Parent 16448, Gecko_IOThread] WARNING: file /builds/worker/checkouts/gecko/ipc/chromium/src/base/process_util_win.cc, line 166
1598979465311	Marionette	INFO	Stopped listening on port 52758

###!!! [Child][RunMessage] Error: Channel closing: too late to send/recv, messages will be lost


###!!! [Child][MessageChannel::SendAndWait] Error: Channel error: cannot send/recv

1598979590816	geckodriver	INFO	Listening on 127.0.0.1:52909
1598979594326	mozrunner::runner	INFO	Running command: "C:\\Program Files\\Mozilla Firefox\\firefox.exe" "--marionette" "-foreground" "-no-remote" "-profile" "C:\\Users\\justo\\AppData\\Local\\Temp\\rust_mozprofileDbq7Vw"
JavaScript error: resource://gre/modules/XULStore.jsm, line 66: Error: Can't find profile directory.
console.error: SearchCache: "_readCacheFile: Error reading cache file:" (new Error("", "(unknown module)"))
1598979615345	Marionette	INFO	Listening on port 52917
1598979615726	Marionette	WARN	TLS certificate errors will be ignored for this session
[Parent 22856, Gecko_IOThread] WARNING: file /builds/worker/checkouts/gecko/ipc/chromium/src/base/process_util_win.cc, line 166
1598979676440	Marionette	INFO	Stopped listening on port 52917

###!!! [Child][RunMessage] Error: Channel closing: too late to send/recv, messages will be lost


###!!! [Child][MessageChannel::SendAndWait] Error: Channel error: cannot send/recv

1598980810741	geckodriver	INFO	Listening on 127.0.0.1:53893
1598980813915	mozrunner::runner	INFO	Running command: "C:\\Program Files\\Mozilla Firefox\\firefox.exe" "--marionette" "-foreground" "-no-remote" "-profile" "C:\\Users\\justo\\AppData\\Local\\Temp\\rust_mozprofilesCyQ9I"
JavaScript error: resource://gre/modules/XULStore.jsm, line 66: Error: Can't find profile directory.
console.error: SearchCache: "_readCacheFile: Error reading cache file:" (new Error("", "(unknown module)"))
1598980821082	Marionette	INFO	Listening on port 53901
1598980821288	Marionette	WARN	TLS certificate errors will be ignored for this session
1598981122710	Marionette	INFO	Stopped listening on port 53901

###!!! [Child][RunMessage] Error: Channel closing: too late to send/recv, messages will be lost


###!!! [Child][MessageChannel::SendAndWait] Error: Channel error: cannot send/recv

Temp\\rust_mozprofileN03ixm"
JavaScript error: resource://gre/modules/XULStore.jsm, line 66: Error: Can't find profile directory.
console.error: SearchCache: "_readCacheFile: Error reading cache file:" (new Error("", "(unknown module)"))
1598981118770	Marionette	INFO	Listening on port 54083
1598981119183	Marionette	WARN	TLS certificate errors will be ignored for this session
1598981126378	Marionette	WARN	TimedPromise timed out after 500 ms: stacktrace:
TimedPromise/<@chrome://marionette/content/sync.js:245:13
TimedPromise@chrome://marionette/content/sync.js:230:10
interaction.flushEventLoop@chrome://marionette/content/interaction.js:416:10
webdriverClickElement@chrome://marionette/content/interaction.js:182:31
1598981154624	Marionette	INFO	Stopped listening on port 54083

###!!! [Child][RunMessage] Error: Channel closing: too late to send/recv, messages will be lost


###!!! [Child][MessageChannel::SendAndWait] Error: Channel error: cannot send/recv

1598981186392	geckodriver	INFO	Listening on 127.0.0.1:54232
1598981189425	mozrunner::runner	INFO	Running command: "C:\\Program Files\\Mozilla Firefox\\firefox.exe" "--marionette" "-foreground" "-no-remote" "-profile" "C:\\Users\\justo\\AppData\\Local\\Temp\\rust_mozprofileKwSvcT"
JavaScript error: resource://gre/modules/XULStore.jsm, line 66: Error: Can't find profile directory.
console.error: SearchCache: "_readCacheFile: Error reading cache file:" (new Error("", "(unknown module)"))
1598981194582	Marionette	INFO	Listening on port 54240
1598981194669	Marionette	WARN	TLS certificate errors will be ignored for this session
console.error: (new TypeError("parent is null", "resource://devtools/client/inspector/shared/style-change-tracker.js", 67))
TypeError: parent is null: canMutationImpactCurrentStyles@resource://devtools/client/inspector/shared/style-change-tracker.js:67:24
onMutations@resource://devtools/client/inspector/shared/style-change-tracker.js:84:41
_emit@resource://devtools/shared/event-emitter.js:226:34
emit@resource://devtools/shared/event-emitter.js:172:18
emit@resource://devtools/shared/event-emitter.js:324:18
getMutations@resource://devtools/client/fronts/walker.js:406:10

[Child 8468, MediaDecoderStateMachine #1] WARNING: Decoder=1f3efb27000 Decode error: NS_ERROR_DOM_MEDIA_FATAL_ERR (0x806e0005) - RefPtr<MediaSourceTrackDemuxer::SamplesPromise> __cdecl mozilla::MediaSourceTrackDemuxer::DoGetSamples(int32_t): manager is detached.: file /builds/worker/checkouts/gecko/dom/media/MediaDecoderStateMachine.cpp, line 3470
[Child 8468, MediaDecoderStateMachine #1] WARNING: Decoder=1f3efb27000 Decode error: NS_ERROR_DOM_MEDIA_FATAL_ERR (0x806e0005) - RefPtr<MediaSourceTrackDemuxer::SamplesPromise> __cdecl mozilla::MediaSourceTrackDemuxer::DoGetSamples(int32_t): manager is detached.: file /builds/worker/checkouts/gecko/dom/media/MediaDecoderStateMachine.cpp, line 3470
[Child 8468, MediaDecoderStateMachine #1] WARNING: Decoder=1f3efb27000 Decode error: NS_ERROR_DOM_MEDIA_FATAL_ERR (0x806e0005) - RefPtr<MediaSourceTrackDemuxer::SamplesPromise> __cdecl mozilla::MediaSourceTrackDemuxer::DoGetSamples(int32_t): manager is detached.: file /builds/worker/checkouts/gecko/dom/media/MediaDecoderStateMachine.cpp, line 3470
[Child 8468, MediaDecoderStateMachine #1] WARNING: Decoder=1f3efb27000 Decode error: NS_ERROR_DOM_MEDIA_FATAL_ERR (0x806e0005) - RefPtr<MediaSourceTrackDemuxer::SamplesPromise> __cdecl mozilla::MediaSourceTrackDemuxer::DoGetSamples(int32_t): manager is detached.: file /builds/worker/checkouts/gecko/dom/media/MediaDecoderStateMachine.cpp, line 3470
console.error: (new TypeError("parent is null", "resource://devtools/client/inspector/shared/style-change-tracker.js", 67))
TypeError: parent is null: canMutationImpactCurrentStyles@resource://devtools/client/inspector/shared/style-change-tracker.js:67:24
onMutations@resource://devtools/client/inspector/shared/style-change-tracker.js:84:41
_emit@resource://devtools/shared/event-emitter.js:226:34
emit@resource://devtools/shared/event-emitter.js:172:18
emit@resource://devtools/shared/event-emitter.js:324:18
getMutations@resource://devtools/client/fronts/walker.js:406:10

console.error: "Error while calling actor 'pagestyle's method 'getLayout'" "node is null"
console.error: "getLayout@resource://devtools/server/actors/styles.js:1012:5\nhandler@resource://devtools/shared/protocol/Actor.js:162:37\nonPacket@resource://devtools/server/devtools-server-connection.js:379:58\nreceiveMessage@resource://devtools/shared/transport/child-transport.js:66:16\n"
console.error: (new Error("Protocol error (TypeError): node is null from: server0.conn0.child2/pagestyle26 (resource://devtools/server/actors/styles.js:1012:5)", "resource://devtools/shared/protocol/Front.js", 323))
[Child 8468, AudioIPC0] WARNING: 1f3ebde4bb0 StateCallback() state 1 cubeb error: file /builds/worker/checkouts/gecko/dom/media/AudioStream.cpp, line 666
[Child 8468, MediaDecoderStateMachine #1] WARNING: Decoder=1f3ebdc2400 [OnMediaSinkAudioError]: file /builds/worker/checkouts/gecko/dom/media/MediaDecoderStateMachine.cpp, line 3891
[Child 8468, AudioIPC0] WARNING: 1f3e65f2600 StateCallback() state 1 cubeb error: file /builds/worker/checkouts/gecko/dom/media/AudioStream.cpp, line 666
[Child 8468, MediaDecoderStateMachine #1] WARNING: Decoder=1f3ebdc2400 [OnMediaSinkAudioError]: file /builds/worker/checkouts/gecko/dom/media/MediaDecoderStateMachine.cpp, line 3891

###!!! [Parent][RunMessage] Error: Channel closing: too late to send/recv, messages will be lost


###!!! [Parent][RunMessage] Error: Channel closing: too late to send/recv, messages will be lost


###!!! [Parent][RunMessage] Error: Channel closing: too late to send/recv, messages will be lost


###!!! [Parent][RunMessage] Error: Channel closing: too late to send/recv, messages will be lost


###!!! [Parent][RunMessage] Error: Channel closing: too late to send/recv, messages will be lost


###!!! [Parent][RunMessage] Error: Channel closing: too late to send/recv, messages will be lost

chCache: "_readCacheFile: Error reading cache file:" (new Error("", "(unknown module)"))
1598983689804	Marionette	INFO	Listening on port 55390
1598983690013	Marionette	WARN	TLS certificate errors will be ignored for this session
console.warn: LoginRecipes: "getRecipes: falling back to a synchronous message for:" "https://twitter.com"
console.warn: LoginRecipes: "getRecipes: falling back to a synchronous message for:" "https://twitter.com"
1598983784772	Marionette	INFO	Stopped listening on port 55390

###!!! [Child][RunMessage] Error: Channel closing: too late to send/recv, messages will be lost


###!!! [Child][MessageChannel::SendAndWait] Error: Channel error: cannot send/recv

1599032317426	geckodriver	INFO	Listening on 127.0.0.1:50766
1599032320519	mozrunner::runner	INFO	Running command: "C:\\Program Files\\Mozilla Firefox\\firefox.exe" "--marionette" "-foreground" "-no-remote" "-profile" "C:\\Users\\justo\\AppData\\Local\\Temp\\rust_mozprofileIHlDQS"
1599032403235	geckodriver	INFO	Listening on 127.0.0.1:50833
1599032406285	mozrunner::runner	INFO	Running command: "C:\\Program Files\\Mozilla Firefox\\firefox.exe" "--marionette" "-foreground" "-no-remote" "-profile" "C:\\Users\\justo\\AppData\\Local\\Temp\\rust_mozprofile7FrOOK"
JavaScript error: resource://gre/modules/XULStore.jsm, line 66: Error: Can't find profile directory.
console.error: SearchCache: "_readCacheFile: Error reading cache file:" (new Error("", "(unknown module)"))
1599032411336	Marionette	INFO	Listening on port 50841
1599032411589	Marionette	WARN	TLS certificate errors will be ignored for this session
JavaScript error: resource://gre/actors/AutoCompleteChild.jsm, line 208: Error: Invalid autocomplete selectedIndex
JavaScript error: resource://gre/actors/AutoCompleteChild.jsm, line 208: Error: Invalid autocomplete selectedIndex
JavaScript error: resource://gre/modules/LoginManagerChild.jsm, line 190: NS_ERROR_XPC_JAVASCRIPT_ERROR_WITH_DETAILS: [JavaScript Error: "Invalid autocomplete selectedIndex" {file: "resource://gre/actors/AutoCompleteChild.jsm" line: 208}]'[JavaScript Error: "Invalid autocomplete selectedIndex" {file: "resource://gre/actors/AutoCompleteChild.jsm" line: 208}]' when calling method: [nsIAutoCompletePopup::selectedIndex]

###!!! [Parent][RunMessage] Error: Channel closing: too late to send/recv, messages will be lost


###!!! [Parent][RunMessage] Error: Channel closing: too late to send/recv, messages will be lost


###!!! [Parent][RunMessage] Error: Channel closing: too late to send/recv, messages will be lost


###!!! [Parent][RunMessage] Error: Channel closing: too late to send/recv, messages will be lost


###!!! [Parent][RunMessage] Error: Channel closing: too late to send/recv, messages will be lost

1599064215198	Marionette	INFO	Stopped listening on port 50841
ARN	TLS certificate errors will be ignored for this session
JavaScript error: https://twitter.com/login, line 145: ChunkLoadError: Loading chunk 153 failed.
(error: https://abs.twimg.com/responsive-web/client-web/ondemand.BranchSdk.e3445e85.js)
JavaScript error: https://twitter.com/login, line 145: ChunkLoadError: Loading chunk 224 failed.
(error: https://abs.twimg.com/responsive-web/client-web/ondemand.emoji.en-GB.237a50d5.js)
1599038135614	Marionette	INFO	Stopped listening on port 50994

###!!! [Child][RunMessage] Error: Channel closing: too late to send/recv, messages will be lost


###!!! [Child][MessageChannel::SendAndWait] Error: Channel error: cannot send/recv

Temp\\rust_mozprofilehtzhTF"
JavaScript error: resource://gre/modules/XULStore.jsm, line 66: Error: Can't find profile directory.
console.error: SearchCache: "_readCacheFile: Error reading cache file:" (new Error("", "(unknown module)"))
1599033220224	Marionette	INFO	Listening on port 51317
1599033220232	Marionette	WARN	TLS certificate errors will be ignored for this session
1599036832776	addons.xpi	ERROR	System addon update list error Error: Failed downloading XML, status: 0, reason: error
1599038134149	Marionette	INFO	Stopped listening on port 51317

###!!! [Child][RunMessage] Error: Channel closing: too late to send/recv, messages will be lost


###!!! [Child][MessageChannel::SendAndWait] Error: Channel error: cannot send/recv

Temp\\rust_mozprofileRWcx8K"
JavaScript error: resource://gre/modules/XULStore.jsm, line 66: Error: Can't find profile directory.
console.error: SearchCache: "_readCacheFile: Error reading cache file:" (new Error("", "(unknown module)"))
1599038070642	Marionette	INFO	Listening on port 51995
1599038071490	Marionette	WARN	TLS certificate errors will be ignored for this session
1599038695504	addons.xpi	ERROR	System addon update list error Error: Failed downloading XML, status: 0, reason: error

###!!! [Parent][RunMessage] Error: Channel closing: too late to send/recv, messages will be lost

1599050356965	Marionette	INFO	Stopped listening on port 51995

###!!! [Child][RunMessage] Error: Channel closing: too late to send/recv, messages will be lost

profileei8cip"
JavaScript error: resource://gre/modules/XULStore.jsm, line 66: Error: Can't find profile directory.
console.error: SearchCache: "_readCacheFile: Error reading cache file:" (new Error("", "(unknown module)"))
1599039074728	Marionette	INFO	Listening on port 52485
1599039074875	Marionette	WARN	TLS certificate errors will be ignored for this session
console.error: Region.jsm: "Error fetching region" (new AbortError("The operation was aborted. ", (void 0), 689))
console.error: Region.jsm: "Failed to fetch region" (new Error("NO_RESULT", "resource://gre/modules/Region.jsm", 343))
1599039334730	Marionette	INFO	Stopped listening on port 52485

###!!! [Child][RunMessage] Error: Channel closing: too late to send/recv, messages will be lost


###!!! [Child][MessageChannel::SendAndWait] Error: Channel error: cannot send/recv

Temp\\rust_mozprofileQ2BEeg"
JavaScript error: resource://gre/modules/XULStore.jsm, line 66: Error: Can't find profile directory.
console.error: SearchCache: "_readCacheFile: Error reading cache file:" (new Error("", "(unknown module)"))
console.error: "Could not write session state file " (new Error("_initWorker called too early! Please read the session file from disk first.", "resource:///modules/sessionstore/SessionFile.jsm", 375)) "_initWorker/<@resource:///modules/sessionstore/SessionFile.jsm:375:15\n_initWorker@resource:///modules/sessionstore/SessionFile.jsm:368:12\n_postToWorker@resource:///modules/sessionstore/SessionFile.jsm:410:16\nwrite@resource:///modules/sessionstore/SessionFile.jsm:448:24\nwrite@resource:///modules/sessionstore/SessionFile.jsm:75:32\n_writeState@resource:///modules/sessionstore/SessionSaver.jsm:360:24\n_saveState@resource:///modules/sessionstore/SessionSaver.jsm:294:17\n_saveStateAsync@resource:///modules/sessionstore/SessionSaver.jsm:344:10\nsaveStateAsyncWhenIdle@resource:///modules/sessionstore/SessionSaver.jsm:191:14\ncallback@resource://gre/modules/Timer.jsm:127:16\n"
1599039258142	Marionette	INFO	Listening on port 52654
1599039258494	Marionette	WARN	TLS certificate errors will be ignored for this session
1599039326144	Marionette	INFO	Stopped listening on port 52654

###!!! [Child][RunMessage] Error: Channel closing: too late to send/recv, messages will be lost


###!!! [Child][MessageChannel::SendAndWait] Error: Channel error: cannot send/recv

1599039365876	geckodriver	INFO	Listening on 127.0.0.1:52808
1599039369013	mozrunner::runner	INFO	Running command: "C:\\Program Files\\Mozilla Firefox\\firefox.exe" "--marionette" "-foreground" "-no-remote" "-profile" "C:\\Users\\justo\\AppData\\Local\\Temp\\rust_mozprofileqFcw7O"
JavaScript error: resource://gre/modules/XULStore.jsm, line 66: Error: Can't find profile directory.
console.error: SearchCache: "_readCacheFile: Error reading cache file:" (new Error("", "(unknown module)"))
1599039378883	Marionette	INFO	Listening on port 52816
1599039378977	Marionette	WARN	TLS certificate errors will be ignored for this session
console.error: Region.jsm: "Error fetching region" (new AbortError("The operation was aborted. ", (void 0), 689))
console.error: Region.jsm: "Failed to fetch region" (new Error("NO_RESULT", "resource://gre/modules/Region.jsm", 343))
1599041672672	Marionette	INFO	Stopped listening on port 52816

###!!! [Child][RunMessage] Error: Channel closing: too late to send/recv, messages will be lost


###!!! [Child][MessageChannel::SendAndWait] Error: Channel error: cannot send/recv

Temp\\rust_mozprofile3e6g4h"
JavaScript error: resource://gre/modules/XULStore.jsm, line 66: Error: Can't find profile directory.
console.error: "Could not write session state file " (new Error("_initWorker called too early! Please read the session file from disk first.", "resource:///modules/sessionstore/SessionFile.jsm", 375)) "_initWorker/<@resource:///modules/sessionstore/SessionFile.jsm:375:15\n_initWorker@resource:///modules/sessionstore/SessionFile.jsm:368:12\n_postToWorker@resource:///modules/sessionstore/SessionFile.jsm:410:16\nwrite@resource:///modules/sessionstore/SessionFile.jsm:448:24\nwrite@resource:///modules/sessionstore/SessionFile.jsm:75:32\n_writeState@resource:///modules/sessionstore/SessionSaver.jsm:360:24\n_saveState@resource:///modules/sessionstore/SessionSaver.jsm:294:17\n_saveStateAsync@resource:///modules/sessionstore/SessionSaver.jsm:344:10\nsaveStateAsyncWhenIdle@resource:///modules/sessionstore/SessionSaver.jsm:191:14\ncallback@resource://gre/modules/Timer.jsm:127:16\n"
console.error: SearchCache: "_readCacheFile: Error reading cache file:" (new Error("", "(unknown module)"))
console.error: Region.jsm: "Error fetching region" (new AbortError("The operation was aborted. ", (void 0), 689))
console.error: Region.jsm: "Failed to fetch region" (new Error("NO_RESULT", "resource://gre/modules/Region.jsm", 343))
1599040796453	Marionette	INFO	Listening on port 53478
1599040796779	Marionette	WARN	TLS certificate errors will be ignored for this session
[Parent 7720, Gecko_IOThread] WARNING: file /builds/worker/checkouts/gecko/ipc/chromium/src/base/process_util_win.cc, line 166
1599040973496	Marionette	INFO	Stopped listening on port 53478

###!!! [Child][RunMessage] Error: Channel closing: too late to send/recv, messages will be lost


###!!! [Child][MessageChannel::SendAndWait] Error: Channel error: cannot send/recv

1599041279648	geckodriver	INFO	Listening on 127.0.0.1:53655
1599041282687	mozrunner::runner	INFO	Running command: "C:\\Program Files\\Mozilla Firefox\\firefox.exe" "--marionette" "-foreground" "-no-remote" "-profile" "C:\\Users\\justo\\AppData\\Local\\Temp\\rust_mozprofileaHVUdw"
JavaScript error: resource://gre/modules/XULStore.jsm, line 66: Error: Can't find profile directory.
console.error: SearchCache: "_readCacheFile: Error reading cache file:" (new Error("", "(unknown module)"))
1599041294409	Marionette	INFO	Listening on port 53663
1599041294723	Marionette	WARN	TLS certificate errors will be ignored for this session
console.error: Region.jsm: "Error fetching region" (new AbortError("The operation was aborted. ", (void 0), 689))
console.error: Region.jsm: "Failed to fetch region" (new Error("NO_RESULT", "resource://gre/modules/Region.jsm", 343))
1599043256216	Marionette	INFO	Stopped listening on port 53663

###!!! [Child][RunMessage] Error: Channel closing: too late to send/recv, messages will be lost


###!!! [Child][MessageChannel::SendAndWait] Error: Channel error: cannot send/recv

Temp\\rust_mozprofileEl63zl"
JavaScript error: resource://gre/modules/XULStore.jsm, line 66: Error: Can't find profile directory.
console.error: SearchCache: "_readCacheFile: Error reading cache file:" (new Error("", "(unknown module)"))
1599041926679	Marionette	INFO	Listening on port 53846
1599041927031	Marionette	WARN	TLS certificate errors will be ignored for this session
JavaScript error: https://twitter.com/, line 95: ChunkLoadError: Loading chunk 14 failed.
(error: https://abs.twimg.com/responsive-web/client-web/shared~bundle.TopicPeek~ondemand.EmojiPicker.9e4d43f5.js)
1599042081746	Marionette	INFO	Stopped listening on port 53846

###!!! [Child][RunMessage] Error: Channel closing: too late to send/recv, messages will be lost


###!!! [Child][MessageChannel::SendAndWait] Error: Channel error: cannot send/recv

1599042368359	geckodriver	INFO	Listening on 127.0.0.1:54085
1599042371396	mozrunner::runner	INFO	Running command: "C:\\Program Files\\Mozilla Firefox\\firefox.exe" "--marionette" "-foreground" "-no-remote" "-profile" "C:\\Users\\justo\\AppData\\Local\\Temp\\rust_mozprofilePIHL3c"
JavaScript error: resource://gre/modules/XULStore.jsm, line 66: Error: Can't find profile directory.
console.error: SearchCache: "_readCacheFile: Error reading cache file:" (new Error("", "(unknown module)"))
1599042376303	Marionette	INFO	Listening on port 54094
1599042378095	Marionette	WARN	TLS certificate errors will be ignored for this session
1599043255182	Marionette	INFO	Stopped listening on port 54094

###!!! [Child][RunMessage] Error: Channel closing: too late to send/recv, messages will be lost


###!!! [Child][MessageChannel::SendAndWait] Error: Channel error: cannot send/recv

1599043321904	geckodriver	INFO	Listening on 127.0.0.1:54443
1599043324957	mozrunner::runner	INFO	Running command: "C:\\Program Files\\Mozilla Firefox\\firefox.exe" "--marionette" "-foreground" "-no-remote" "-profile" "C:\\Users\\justo\\AppData\\Local\\Temp\\rust_mozprofileYsIEON"
JavaScript error: resource://gre/modules/XULStore.jsm, line 66: Error: Can't find profile directory.
console.error: SearchCache: "_readCacheFile: Error reading cache file:" (new Error("", "(unknown module)"))
1599043328312	Marionette	INFO	Listening on port 54451
1599043328601	Marionette	WARN	TLS certificate errors will be ignored for this session
JavaScript error: https://247sportsgist.com/wp-content/plugins/td-composer/legacy/Newspaper/js/tagdiv_theme.min.js?ver=10.2, line 6: TypeError: fbq.getState is not a function
JavaScript warning: https://static.xx.fbcdn.net/rsrc.php/v3iFw_4/y2/l/en_US/boKzgLJl1bt.js?_nc_x=Ij3Wp8lg5Kz, line 120: unreachable code after return statement
1599044521579	Marionette	INFO	Stopped listening on port 54451

###!!! [Child][RunMessage] Error: Channel closing: too late to send/recv, messages will be lost


###!!! [Child][MessageChannel::SendAndWait] Error: Channel error: cannot send/recv

Temp\\rust_mozprofilewILFLh"
JavaScript error: resource://gre/modules/XULStore.jsm, line 66: Error: Can't find profile directory.
console.error: SearchCache: "_readCacheFile: Error reading cache file:" (new Error("", "(unknown module)"))
1599043477863	Marionette	INFO	Listening on port 54679
1599043478067	Marionette	WARN	TLS certificate errors will be ignored for this session
1599044066099	Marionette	INFO	Stopped listening on port 54679

###!!! [Child][RunMessage] Error: Channel closing: too late to send/recv, messages will be lost


###!!! [Child][MessageChannel::SendAndWait] Error: Channel error: cannot send/recv

1599048876558	geckodriver	INFO	Listening on 127.0.0.1:55702
1599048879716	mozrunner::runner	INFO	Running command: "C:\\Program Files\\Mozilla Firefox\\firefox.exe" "--marionette" "-foreground" "-no-remote" "-profile" "C:\\Users\\justo\\AppData\\Local\\Temp\\rust_mozprofileK2ypLC"
JavaScript error: resource://gre/modules/XULStore.jsm, line 66: Error: Can't find profile directory.
console.error: SearchCache: "_readCacheFile: Error reading cache file:" (new Error("", "(unknown module)"))
1599048883052	Marionette	INFO	Listening on port 55711
1599048883353	Marionette	WARN	TLS certificate errors will be ignored for this session
JavaScript error: https://twitter.com/login, line 145: ChunkLoadError: Loading chunk 153 failed.
(error: https://abs.twimg.com/responsive-web/client-web/ondemand.BranchSdk.e3445e85.js)
JavaScript error: https://twitter.com/login, line 145: ChunkLoadError: Loading chunk 224 failed.
(error: https://abs.twimg.com/responsive-web/client-web/ondemand.emoji.en-GB.237a50d5.js)
console.error: (new TypeError("parent is null", "resource://devtools/client/inspector/shared/style-change-tracker.js", 67))
TypeError: parent is null: canMutationImpactCurrentStyles@resource://devtools/client/inspector/shared/style-change-tracker.js:67:24
onMutations@resource://devtools/client/inspector/shared/style-change-tracker.js:84:41
_emit@resource://devtools/shared/event-emitter.js:226:34
emit@resource://devtools/shared/event-emitter.js:172:18
emit@resource://devtools/shared/event-emitter.js:324:18
getMutations@resource://devtools/client/fronts/walker.js:406:10

*************************
A coding exception was thrown in a Promise resolution callback.
See https://developer.mozilla.org/Mozilla/JavaScript_code_modules/Promise.jsm/Promise

Full message: TypeError: container.editor is undefined
Full stack: showNode/<@resource://devtools/client/inspector/markup/markup.js:1583:9
process@resource://gre/modules/Promise-backend.js:961:38
walkerLoop@resource://gre/modules/Promise-backend.js:845:29
Promise*scheduleWalkerLoop@resource://gre/modules/Promise-backend.js:775:19
schedulePromise@resource://gre/modules/Promise-backend.js:809:12
completePromise@resource://gre/modules/Promise-backend.js:741:12
checkForCompletion@resource://gre/modules/Promise-backend.js:596:16
resolver@resource://gre/modules/Promise-backend.js:603:47

*************************
console.error: (new TypeError("container.editor is undefined", "resource://devtools/client/inspector/markup/markup.js", 1583))
console.error: (new TypeError("container.node.targetFront is null", "resource://devtools/client/inspector/markup/markup.js", 2271))
console.error: (new TypeError("parent is null", "resource://devtools/client/inspector/shared/style-change-tracker.js", 67))
TypeError: parent is null: canMutationImpactCurrentStyles@resource://devtools/client/inspector/shared/style-change-tracker.js:67:24
onMutations@resource://devtools/client/inspector/shared/style-change-tracker.js:84:41
_emit@resource://devtools/shared/event-emitter.js:226:34
emit@resource://devtools/shared/event-emitter.js:172:18
emit@resource://devtools/shared/event-emitter.js:324:18
getMutations@resource://devtools/client/fronts/walker.js:406:10

console.error: (new TypeError("parent is null", "resource://devtools/client/inspector/shared/style-change-tracker.js", 67))
TypeError: parent is null: canMutationImpactCurrentStyles@resource://devtools/client/inspector/shared/style-change-tracker.js:67:24
onMutations@resource://devtools/client/inspector/shared/style-change-tracker.js:84:41
_emit@resource://devtools/shared/event-emitter.js:226:34
emit@resource://devtools/shared/event-emitter.js:172:18
emit@resource://devtools/shared/event-emitter.js:324:18
getMutations@resource://devtools/client/fronts/walker.js:406:10

console.error: "Error while calling actor 'pagestyle's method 'getLayout'" "node is null"
console.error: "getLayout@resource://devtools/server/actors/styles.js:1012:5\nhandler@resource://devtools/shared/protocol/Actor.js:162:37\nonPacket@resource://devtools/server/devtools-server-connection.js:379:58\nreceiveMessage@resource://devtools/shared/transport/child-transport.js:66:16\n"
console.error: (new Error("Protocol error (TypeError): node is null from: server0.conn2.child2/pagestyle26 (resource://devtools/server/actors/styles.js:1012:5)", "resource://devtools/shared/protocol/Front.js", 323))
console.error: (new TypeError("parent is null", "resource://devtools/client/inspector/shared/style-change-tracker.js", 67))
TypeError: parent is null: canMutationImpactCurrentStyles@resource://devtools/client/inspector/shared/style-change-tracker.js:67:24
onMutations@resource://devtools/client/inspector/shared/style-change-tracker.js:84:41
_emit@resource://devtools/shared/event-emitter.js:226:34
emit@resource://devtools/shared/event-emitter.js:172:18
emit@resource://devtools/shared/event-emitter.js:324:18
getMutations@resource://devtools/client/fronts/walker.js:406:10

console.error: (new TypeError("parent is null", "resource://devtools/client/inspector/shared/style-change-tracker.js", 67))
TypeError: parent is null: canMutationImpactCurrentStyles@resource://devtools/client/inspector/shared/style-change-tracker.js:67:24
onMutations@resource://devtools/client/inspector/shared/style-change-tracker.js:84:41
_emit@resource://devtools/shared/event-emitter.js:226:34
emit@resource://devtools/shared/event-emitter.js:172:18
emit@resource://devtools/shared/event-emitter.js:324:18
getMutations@resource://devtools/client/fronts/walker.js:406:10

console.error: "Error while calling actor 'pagestyle's method 'getLayout'" "node is null"
console.error: "getLayout@resource://devtools/server/actors/styles.js:1012:5\nhandler@resource://devtools/shared/protocol/Actor.js:162:37\nonPacket@resource://devtools/server/devtools-server-connection.js:379:58\nreceiveMessage@resource://devtools/shared/transport/child-transport.js:66:16\n"
console.error: (new Error("Protocol error (TypeError): node is null from: server0.conn2.child2/pagestyle26 (resource://devtools/server/actors/styles.js:1012:5)", "resource://devtools/shared/protocol/Front.js", 323))
1599049514346	Marionette	INFO	Stopped listening on port 55711

###!!! [Child][RunMessage] Error: Channel closing: too late to send/recv, messages will be lost


###!!! [Child][MessageChannel::SendAndWait] Error: Channel error: cannot send/recv

1599049545385	geckodriver	INFO	Listening on 127.0.0.1:55926
1599049548484	mozrunner::runner	INFO	Running command: "C:\\Program Files\\Mozilla Firefox\\firefox.exe" "--marionette" "-foreground" "-no-remote" "-profile" "C:\\Users\\justo\\AppData\\Local\\Temp\\rust_mozprofileC2LsY6"
JavaScript error: resource://gre/modules/XULStore.jsm, line 66: Error: Can't find profile directory.
console.error: SearchCache: "_readCacheFile: Error reading cache file:" (new Error("", "(unknown module)"))
1599049551686	Marionette	INFO	Listening on port 55934
1599049552122	Marionette	WARN	TLS certificate errors will be ignored for this session
JavaScript error: https://twitter.com/login, line 145: ChunkLoadError: Loading chunk 224 failed.
(error: https://abs.twimg.com/responsive-web/client-web/ondemand.emoji.en-GB.237a50d5.js)
JavaScript error: https://twitter.com/login, line 145: ChunkLoadError: Loading chunk 153 failed.
(error: https://abs.twimg.com/responsive-web/client-web/ondemand.BranchSdk.e3445e85.js)
console.error: "Error writing request: getGrids"
1599050273205	Marionette	INFO	Stopped listening on port 55934

###!!! [Child][MessageChannel::SendAndWait] Error: Channel error: cannot send/recv

1599050368054	geckodriver	INFO	Listening on 127.0.0.1:56153
1599050371124	mozrunner::runner	INFO	Running command: "C:\\Program Files\\Mozilla Firefox\\firefox.exe" "--marionette" "-foreground" "-no-remote" "-profile" "C:\\Users\\justo\\AppData\\Local\\Temp\\rust_mozprofileh5Ecyx"
JavaScript error: resource://gre/modules/XULStore.jsm, line 66: Error: Can't find profile directory.
console.error: SearchCache: "_readCacheFile: Error reading cache file:" (new Error("", "(unknown module)"))
1599050374383	Marionette	INFO	Listening on port 56161
1599050374766	Marionette	WARN	TLS certificate errors will be ignored for this session
1599050777793	Marionette	INFO	Stopped listening on port 56161

###!!! [Child][RunMessage] Error: Channel closing: too late to send/recv, messages will be lost


###!!! [Child][MessageChannel::SendAndWait] Error: Channel error: cannot send/recv

Temp\\rust_mozprofileQVWqQe"
JavaScript error: resource://gre/modules/XULStore.jsm, line 66: Error: Can't find profile directory.
console.error: SearchCache: "_readCacheFile: Error reading cache file:" (new Error("", "(unknown module)"))
1599050538731	Marionette	INFO	Listening on port 56268
1599050539088	Marionette	WARN	TLS certificate errors will be ignored for this session
JavaScript error: https://twitter.com/login, line 145: ChunkLoadError: Loading chunk 224 failed.
(error: https://abs.twimg.com/responsive-web/client-web/ondemand.emoji.en-GB.237a50d5.js)
JavaScript error: https://twitter.com/login, line 145: ChunkLoadError: Loading chunk 153 failed.
(error: https://abs.twimg.com/responsive-web/client-web/ondemand.BranchSdk.e3445e85.js)
JavaScript error: https://abs.twimg.com/responsive-web/client-web/main.85df3ed5.js, line 1: Error: ApiError: https://api.twitter.com/1.1/account/settings.json HTTP-403 codes:[326] traceId:undefined
JavaScript error: resource://gre/actors/PictureInPictureChild.jsm, line 143: InvalidStateError: An attempt was made to use an object that is not, or is no longer, usable
1599051725584	Marionette	INFO	Stopped listening on port 56268

###!!! [Child][RunMessage] Error: Channel closing: too late to send/recv, messages will be lost


###!!! [Child][MessageChannel::SendAndWait] Error: Channel error: cannot send/recv

